TicketID: 17042
Start DateTime: 27-Apr-2024 21:21
Requestor: Joanne Longfellow
Standard Configuration: File Server
TicketID: 
Start DateTime: 27-Apr-2024 23:05
Requestor: Joanne Longfellow
Standard Configuration: File Server
TicketID: 17066
Start DateTime: 27-Apr-2024 23:14
Requestor: Joanne Longfellow
External IP Address: 56.3.36.6
Standard Configuration: File Server
TicketID: 17067
Start DateTime: 27-Apr-2024 23:14
Requestor: Joanne Longfellow
External IP Address: 56.3.36.6
Standard Configuration: File Server
TicketID: 17065
Start DateTime: 27-Apr-2024 23:14
Requestor: Joanne Longfellow
External IP Address: 56.3.36.6
Standard Configuration: File Server
TicketID: 17042
Start DateTime: 27-Apr-2024 23:14
Requestor: Joanne Longfellow
External IP Address: 56.3.36.6
Standard Configuration: File Server
