TicketID: 17065
Start DateTime: 27-Apr-2024 21:21
Requestor: Blake Smith
Standard Configuration: Web Server
TicketID: 
Start DateTime: 27-Apr-2024 23:05
Requestor: Blake Smith
Standard Configuration: Web Server
TicketID: 17066
Start DateTime: 27-Apr-2024 23:14
Requestor: Blake Smith
External IP Address: 56.3.36.6
Standard Configuration: Web Server
TicketID: 17067
Start DateTime: 27-Apr-2024 23:14
Requestor: Blake Smith
External IP Address: 56.3.36.6
Standard Configuration: Web Server
TicketID: 17065
Start DateTime: 27-Apr-2024 23:14
Requestor: Blake Smith
External IP Address: 56.3.36.6
Standard Configuration: Web Server
TicketID: 17042
Start DateTime: 27-Apr-2024 23:14
Requestor: Blake Smith
External IP Address: 56.3.36.6
Standard Configuration: Web Server
